[0901/184400.649:ERROR:process_reader_win.cc(123)] NtOpenThread: {Access Denied} A process has requested access to an object, but has not been granted those access rights. (0xc0000022)
[0901/184400.652:ERROR:exception_snapshot_win.cc(99)] thread ID 2648 not found in process
[0901/184400.656:ERROR:process_reader_win.cc(123)] NtOpenThread: {Access Denied} A process has requested access to an object, but has not been granted those access rights. (0xc0000022)
[0901/184400.656:ERROR:exception_snapshot_win.cc(99)] thread ID 7416 not found in process
[0901/184400.658:ERROR:process_reader_win.cc(151)] SuspendThread: Access is denied. (0x5)
[0901/184400.658:ERROR:process_reader_win.cc(151)] SuspendThread: Access is denied. (0x5)
[0901/184400.658:ERROR:process_reader_win.cc(151)] SuspendThread: Access is denied. (0x5)
[0901/184400.674:ERROR:process_reader_win.cc(151)] SuspendThread: Access is denied. (0x5)
[0901/184400.674:ERROR:process_reader_win.cc(151)] SuspendThread: Access is denied. (0x5)
[0901/184400.674:ERROR:process_reader_win.cc(123)] NtOpenThread: {Access Denied} A process has requested access to an object, but has not been granted those access rights. (0xc0000022)
[0901/184400.674:ERROR:exception_snapshot_win.cc(99)] thread ID 10876 not found in process
[0901/184400.674:ERROR:process_reader_win.cc(151)] SuspendThread: Access is denied. (0x5)
[0901/184400.674:ERROR:process_reader_win.cc(123)] NtOpenThread: An invalid Client ID was specified. (0xc000000b)
[0901/184400.674:ERROR:exception_snapshot_win.cc(99)] thread ID 16860 not found in process
[0901/184400.674:ERROR:process_reader_win.cc(123)] NtOpenThread: {Access Denied} A process has requested access to an object, but has not been granted those access rights. (0xc0000022)
[0901/184400.674:ERROR:exception_snapshot_win.cc(99)] thread ID 2236 not found in process
[0901/184400.690:ERROR:process_reader_win.cc(151)] SuspendThread: Access is denied. (0x5)
[0901/184400.690:ERROR:process_reader_win.cc(151)] SuspendThread: Access is denied. (0x5)
[0901/184400.690:ERROR:process_reader_win.cc(123)] NtOpenThread: {Access Denied} A process has requested access to an object, but has not been granted those access rights. (0xc0000022)
[0901/184400.690:ERROR:exception_snapshot_win.cc(99)] thread ID 8304 not found in process
[0924/182513.491:ERROR:process_reader_win.cc(123)] NtOpenThread: {Access Denied} A process has requested access to an object, but has not been granted those access rights. (0xc0000022)
[0924/182513.492:ERROR:process_reader_win.cc(151)] SuspendThread: Access is denied. (0x5)
[0924/182513.507:ERROR:process_reader_win.cc(151)] SuspendThread: Access is denied. (0x5)
[0924/182513.507:ERROR:process_reader_win.cc(123)] NtOpenThread: {Access Denied} A process has requested access to an object, but has not been granted those access rights. (0xc0000022)
[0924/182513.507:ERROR:exception_snapshot_win.cc(99)] thread ID 908 not found in process
[0924/182513.509:ERROR:process_reader_win.cc(151)] SuspendThread: Access is denied. (0x5)
[0924/182513.510:ERROR:process_reader_win.cc(151)] SuspendThread: Access is denied. (0x5)
[0924/182513.510:ERROR:process_reader_win.cc(123)] NtOpenThread: {Access Denied} A process has requested access to an object, but has not been granted those access rights. (0xc0000022)
[0924/182513.510:ERROR:exception_snapshot_win.cc(99)] thread ID 12168 not found in process
[0924/182513.510:ERROR:exception_snapshot_win.cc(99)] thread ID 5076 not found in process
[0924/182513.512:ERROR:process_reader_win.cc(123)] NtOpenThread: {Access Denied} A process has requested access to an object, but has not been granted those access rights. (0xc0000022)
[0924/182513.512:ERROR:exception_snapshot_win.cc(99)] thread ID 6536 not found in process
[0924/182513.568:ERROR:process_reader_win.cc(151)] SuspendThread: Access is denied. (0x5)
[0924/182513.569:ERROR:process_reader_win.cc(151)] SuspendThread: Access is denied. (0x5)
[0924/182513.569:ERROR:process_reader_win.cc(151)] SuspendThread: Access is denied. (0x5)
[0924/182513.569:ERROR:process_reader_win.cc(151)] SuspendThread: Access is denied. (0x5)
[0924/182513.569:ERROR:process_reader_win.cc(151)] SuspendThread: Access is denied. (0x5)
[0924/182513.569:ERROR:process_reader_win.cc(151)] SuspendThread: Access is denied. (0x5)
[0924/182513.569:ERROR:process_reader_win.cc(151)] SuspendThread: Access is denied. (0x5)
[0924/182513.569:ERROR:process_reader_win.cc(151)] SuspendThread: Access is denied. (0x5)
[0924/182513.569:ERROR:process_reader_win.cc(151)] SuspendThread: Access is denied. (0x5)
[0924/182513.569:ERROR:process_reader_win.cc(151)] SuspendThread: Access is denied. (0x5)
[0924/182513.569:ERROR:process_reader_win.cc(151)] SuspendThread: Access is denied. (0x5)
[0924/182513.569:ERROR:process_reader_win.cc(151)] SuspendThread: Access is denied. (0x5)
[0924/182513.569:ERROR:process_reader_win.cc(151)] SuspendThread: Access is denied. (0x5)
[0924/182513.569:ERROR:process_reader_win.cc(123)] NtOpenThread: {Access Denied} A process has requested access to an object, but has not been granted those access rights. (0xc0000022)
[0924/182513.569:ERROR:exception_snapshot_win.cc(99)] thread ID 14768 not found in process
[0924/182513.576:ERROR:process_reader_win.cc(151)] SuspendThread: Access is denied. (0x5)
[0924/182513.576:ERROR:process_reader_win.cc(151)] SuspendThread: Access is denied. (0x5)
[0924/182513.576:ERROR:process_reader_win.cc(151)] SuspendThread: Access is denied. (0x5)
[0924/182513.577:ERROR:process_reader_win.cc(151)] SuspendThread: Access is denied. (0x5)
[0924/182513.577:ERROR:process_reader_win.cc(151)] SuspendThread: Access is denied. (0x5)
[0924/182513.577:ERROR:process_reader_win.cc(151)] SuspendThread: Access is denied. (0x5)
[0924/182513.577:ERROR:process_reader_win.cc(151)] SuspendThread: Access is denied. (0x5)
[0924/182513.577:ERROR:process_reader_win.cc(151)] SuspendThread: Access is denied. (0x5)
[0924/182513.577:ERROR:process_reader_win.cc(151)] SuspendThread: Access is denied. (0x5)
[0924/182513.577:ERROR:process_reader_win.cc(151)] SuspendThread: Access is denied. (0x5)
[0924/182513.577:ERROR:process_reader_win.cc(151)] SuspendThread: Access is denied. (0x5)
[0924/182513.577:ERROR:process_reader_win.cc(151)] SuspendThread: Access is denied. (0x5)
[0924/182513.577:ERROR:process_reader_win.cc(151)] SuspendThread: Access is denied. (0x5)
[0924/182513.577:ERROR:process_reader_win.cc(123)] NtOpenThread: {Access Denied} A process has requested access to an object, but has not been granted those access rights. (0xc0000022)
[0924/182513.577:ERROR:exception_snapshot_win.cc(99)] thread ID 11012 not found in process
[0924/182513.595:ERROR:process_reader_win.cc(151)] SuspendThread: Access is denied. (0x5)
[0924/182513.595:ERROR:process_reader_win.cc(151)] SuspendThread: Access is denied. (0x5)
[0924/182513.595:ERROR:process_reader_win.cc(151)] SuspendThread: Access is denied. (0x5)
[0924/182513.595:ERROR:process_reader_win.cc(151)] SuspendThread: Access is denied. (0x5)
[0924/182513.595:ERROR:process_reader_win.cc(151)] SuspendThread: Access is denied. (0x5)
[0924/182513.595:ERROR:process_reader_win.cc(151)] SuspendThread: Access is denied. (0x5)
[0924/182513.595:ERROR:process_reader_win.cc(151)] SuspendThread: Access is denied. (0x5)
[0924/182513.595:ERROR:process_reader_win.cc(151)] SuspendThread: Access is denied. (0x5)
[0924/182513.595:ERROR:process_reader_win.cc(151)] SuspendThread: Access is denied. (0x5)
[0924/182513.595:ERROR:process_reader_win.cc(151)] SuspendThread: Access is denied. (0x5)
[0924/182513.595:ERROR:process_reader_win.cc(151)] SuspendThread: Access is denied. (0x5)
[0924/182513.595:ERROR:process_reader_win.cc(151)] SuspendThread: Access is denied. (0x5)
[0924/182513.595:ERROR:process_reader_win.cc(151)] SuspendThread: Access is denied. (0x5)
[0924/182513.595:ERROR:process_reader_win.cc(123)] NtOpenThread: {Access Denied} A process has requested access to an object, but has not been granted those access rights. (0xc0000022)
[0924/182513.595:ERROR:exception_snapshot_win.cc(99)] thread ID 15380 not found in process
[0924/182513.628:ERROR:process_reader_win.cc(151)] SuspendThread: Access is denied. (0x5)
[0924/182513.628:ERROR:process_reader_win.cc(151)] SuspendThread: Access is denied. (0x5)
[0924/182513.628:ERROR:process_reader_win.cc(151)] SuspendThread: Access is denied. (0x5)
[0924/182513.629:ERROR:process_reader_win.cc(151)] SuspendThread: Access is denied. (0x5)
[0924/182513.629:ERROR:process_reader_win.cc(151)] SuspendThread: Access is denied. (0x5)
[0924/182513.629:ERROR:process_reader_win.cc(151)] SuspendThread: Access is denied. (0x5)
[0924/182513.629:ERROR:process_reader_win.cc(151)] SuspendThread: Access is denied. (0x5)
[0924/182513.629:ERROR:process_reader_win.cc(151)] SuspendThread: Access is denied. (0x5)
[0924/182513.629:ERROR:process_reader_win.cc(151)] SuspendThread: Access is denied. (0x5)
[0924/182513.629:ERROR:process_reader_win.cc(151)] SuspendThread: Access is denied. (0x5)
[0924/182513.629:ERROR:process_reader_win.cc(151)] SuspendThread: Access is denied. (0x5)
[0924/182513.629:ERROR:process_reader_win.cc(151)] SuspendThread: Access is denied. (0x5)
[0924/182513.629:ERROR:process_reader_win.cc(151)] SuspendThread: Access is denied. (0x5)
[0924/182513.629:ERROR:process_reader_win.cc(151)] SuspendThread: Access is denied. (0x5)
[0924/182513.629:ERROR:process_reader_win.cc(123)] NtOpenThread: {Access Denied} A process has requested access to an object, but has not been granted those access rights. (0xc0000022)
[0924/182513.629:ERROR:exception_snapshot_win.cc(99)] thread ID 14676 not found in process
[0924/182513.639:ERROR:process_reader_win.cc(151)] SuspendThread: Access is denied. (0x5)
[0924/182513.639:ERROR:process_reader_win.cc(151)] SuspendThread: Access is denied. (0x5)
[0924/182513.639:ERROR:process_reader_win.cc(151)] SuspendThread: Access is denied. (0x5)
[0924/182513.639:ERROR:process_reader_win.cc(151)] SuspendThread: Access is denied. (0x5)
[0924/182513.639:ERROR:process_reader_win.cc(151)] SuspendThread: Access is denied. (0x5)
[0924/182513.639:ERROR:process_reader_win.cc(151)] SuspendThread: Access is denied. (0x5)
[0924/182513.639:ERROR:process_reader_win.cc(151)] SuspendThread: Access is denied. (0x5)
[0924/182513.639:ERROR:process_reader_win.cc(151)] SuspendThread: Access is denied. (0x5)
[0924/182513.639:ERROR:process_reader_win.cc(151)] SuspendThread: Access is denied. (0x5)
[0924/182513.639:ERROR:process_reader_win.cc(151)] SuspendThread: Access is denied. (0x5)
[0924/182513.639:ERROR:process_reader_win.cc(151)] SuspendThread: Access is denied. (0x5)
[0924/182513.639:ERROR:process_reader_win.cc(151)] SuspendThread: Access is denied. (0x5)
[0924/182513.639:ERROR:process_reader_win.cc(151)] SuspendThread: Access is denied. (0x5)
[0924/182513.639:ERROR:process_reader_win.cc(123)] NtOpenThread: {Access Denied} A process has requested access to an object, but has not been granted those access rights. (0xc0000022)
[0924/182513.639:ERROR:exception_snapshot_win.cc(99)] thread ID 13556 not found in process
[0924/182513.640:ERROR:process_reader_win.cc(151)] SuspendThread: Access is denied. (0x5)
[0924/182513.640:ERROR:process_reader_win.cc(151)] SuspendThread: Access is denied. (0x5)
[0924/182513.640:ERROR:process_reader_win.cc(151)] SuspendThread: Access is denied. (0x5)
[0924/182513.640:ERROR:process_reader_win.cc(151)] SuspendThread: Access is denied. (0x5)
[0924/182513.640:ERROR:process_reader_win.cc(151)] SuspendThread: Access is denied. (0x5)
[0924/182513.640:ERROR:process_reader_win.cc(151)] SuspendThread: Access is denied. (0x5)
[0924/182513.640:ERROR:process_reader_win.cc(151)] SuspendThread: Access is denied. (0x5)
[0924/182513.640:ERROR:process_reader_win.cc(151)] SuspendThread: Access is denied. (0x5)
[0924/182513.640:ERROR:process_reader_win.cc(151)] SuspendThread: Access is denied. (0x5)
[0924/182513.640:ERROR:process_reader_win.cc(151)] SuspendThread: Access is denied. (0x5)
[0924/182513.641:ERROR:process_reader_win.cc(151)] SuspendThread: Access is denied. (0x5)
[0924/182513.641:ERROR:process_reader_win.cc(151)] SuspendThread: Access is denied. (0x5)
[0924/182513.641:ERROR:process_reader_win.cc(151)] SuspendThread: Access is denied. (0x5)
[0924/182513.641:ERROR:process_reader_win.cc(151)] SuspendThread: Access is denied. (0x5)
[0924/182513.641:ERROR:process_reader_win.cc(123)] NtOpenThread: {Access Denied} A process has requested access to an object, but has not been granted those access rights. (0xc0000022)
[0924/182513.641:ERROR:exception_snapshot_win.cc(99)] thread ID 7976 not found in process
[0924/182513.688:ERROR:process_reader_win.cc(151)] SuspendThread: Access is denied. (0x5)
[0924/182513.688:ERROR:process_reader_win.cc(151)] SuspendThread: Access is denied. (0x5)
[0924/182513.688:ERROR:process_reader_win.cc(151)] SuspendThread: Access is denied. (0x5)
[0924/182513.688:ERROR:process_reader_win.cc(151)] SuspendThread: Access is denied. (0x5)
[0924/182513.688:ERROR:process_reader_win.cc(151)] SuspendThread: Access is denied. (0x5)
[0924/182513.688:ERROR:process_reader_win.cc(151)] SuspendThread: Access is denied. (0x5)
[0924/182513.688:ERROR:process_reader_win.cc(151)] SuspendThread: Access is denied. (0x5)
[0924/182513.688:ERROR:process_reader_win.cc(151)] SuspendThread: Access is denied. (0x5)
[0924/182513.688:ERROR:process_reader_win.cc(151)] SuspendThread: Access is denied. (0x5)
[0924/182513.688:ERROR:process_reader_win.cc(151)] SuspendThread: Access is denied. (0x5)
[0924/182513.688:ERROR:process_reader_win.cc(151)] SuspendThread: Access is denied. (0x5)
[0924/182513.688:ERROR:process_reader_win.cc(151)] SuspendThread: Access is denied. (0x5)
[0924/182513.688:ERROR:process_reader_win.cc(151)] SuspendThread: Access is denied. (0x5)
[0924/182513.688:ERROR:process_reader_win.cc(123)] NtOpenThread: {Access Denied} A process has requested access to an object, but has not been granted those access rights. (0xc0000022)
[0924/182513.689:ERROR:exception_snapshot_win.cc(99)] thread ID 10992 not found in process
[0924/182513.709:ERROR:process_reader_win.cc(151)] SuspendThread: Access is denied. (0x5)
[0924/182513.710:ERROR:process_reader_win.cc(151)] SuspendThread: Access is denied. (0x5)
[0924/182513.710:ERROR:process_reader_win.cc(151)] SuspendThread: Access is denied. (0x5)
[0924/182513.710:ERROR:process_reader_win.cc(151)] SuspendThread: Access is denied. (0x5)
[0924/182513.710:ERROR:process_reader_win.cc(151)] SuspendThread: Access is denied. (0x5)
[0924/182513.710:ERROR:process_reader_win.cc(151)] SuspendThread: Access is denied. (0x5)
[0924/182513.710:ERROR:process_reader_win.cc(151)] SuspendThread: Access is denied. (0x5)
[0924/182513.710:ERROR:process_reader_win.cc(151)] SuspendThread: Access is denied. (0x5)
[0924/182513.710:ERROR:process_reader_win.cc(151)] SuspendThread: Access is denied. (0x5)
[0924/182513.710:ERROR:process_reader_win.cc(151)] SuspendThread: Access is denied. (0x5)
[0924/182513.710:ERROR:process_reader_win.cc(151)] SuspendThread: Access is denied. (0x5)
[0924/182513.710:ERROR:process_reader_win.cc(151)] SuspendThread: Access is denied. (0x5)
[0924/182513.710:ERROR:process_reader_win.cc(151)] SuspendThread: Access is denied. (0x5)
[0924/182513.710:ERROR:process_reader_win.cc(151)] SuspendThread: Access is denied. (0x5)
[0924/182513.710:ERROR:process_reader_win.cc(151)] SuspendThread: Access is denied. (0x5)
[0924/182513.710:ERROR:process_reader_win.cc(123)] NtOpenThread: {Access Denied} A process has requested access to an object, but has not been granted those access rights. (0xc0000022)
[0924/182513.710:ERROR:exception_snapshot_win.cc(99)] thread ID 8140 not found in process
[1021/134800.806:ERROR:directory_reader_win.cc(43)] FindFirstFile: The system cannot find the path specified. (0x3)
[1023/091703.231:ERROR:directory_reader_win.cc(43)] FindFirstFile: The system cannot find the path specified. (0x3)
